빌드 시작: 2020-10-06 오후 4:15:42
     1>2 노드의 "D:\1.인하대\2020년 1학기 (4학년 1학기)\고급조정계산론\Adjustment_of_Level_Nets\Adjustment_of_Level_Nets_Hae-Min_LEE\Adjustment_of_Level_Nets_Hae-Min_LEE.vcxproj" 프로젝트(Build 대상)입니다.
     1>ClCompile:
         C:\Program Files (x86)\Microsoft Visual Studio 12.0\VC\bin\CL.exe /c /I.\Library\OpenCV /I.\Library\OpenCV\opencv /I.\Library\OpenCV\opencv2 /I.\ /Zi /nologo /W3 /WX- /O2 /Oi /Oy- /GL /D WIN32 /D NDEBUG /D _CONSOLE /D _LIB /D _MBCS /Gm- /EHsc /MD /GS /Gy /fp:precise /Zc:wchar_t /Zc:forScope /Yc"stdafx.h" /Fp"Release\Adjustment_of_Level_Nets_Hae-Min_LEE.pch" /Fo"Release\\" /Fd"Release\vc120.pdb" /Gd /TP /analyze- /errorReport:prompt stdafx.cpp
         stdafx.cpp
         C:\Program Files (x86)\Microsoft Visual Studio 12.0\VC\bin\CL.exe /c /I.\Library\OpenCV /I.\Library\OpenCV\opencv /I.\Library\OpenCV\opencv2 /I.\ /Zi /nologo /W3 /WX- /O2 /Oi /Oy- /GL /D WIN32 /D NDEBUG /D _CONSOLE /D _LIB /D _MBCS /Gm- /EHsc /MD /GS /Gy /fp:precise /Zc:wchar_t /Zc:forScope /Yu"stdafx.h" /Fp"Release\Adjustment_of_Level_Nets_Hae-Min_LEE.pch" /Fo"Release\\" /Fd"Release\vc120.pdb" /Gd /TP /analyze- /errorReport:prompt "Adjustment_of_Level_Nets_Hae-Min_LEE.cpp"
         Adjustment_of_Level_Nets_Hae-Min_LEE.cpp
     1>Adjustment_of_Level_Nets_Hae-Min_LEE.cpp(57): warning C4996: 'strcpy': This function or variable may be unsafe. Consider using strcpy_s instead. To disable deprecation, use _CRT_SECURE_NO_WARNINGS. See online help for details.
                 C:\Program Files (x86)\Microsoft Visual Studio 12.0\VC\include\string.h(112) : 'strcpy' 선언을 참조하십시오.
                 C:\Program Files (x86)\Microsoft Visual Studio 12.0\VC\include\string.h(112) : 'strcpy' 선언을 참조하십시오.
     1>Adjustment_of_Level_Nets_Hae-Min_LEE.cpp(58): warning C4996: 'strcpy': This function or variable may be unsafe. Consider using strcpy_s instead. To disable deprecation, use _CRT_SECURE_NO_WARNINGS. See online help for details.
                 C:\Program Files (x86)\Microsoft Visual Studio 12.0\VC\include\string.h(112) : 'strcpy' 선언을 참조하십시오.
                 C:\Program Files (x86)\Microsoft Visual Studio 12.0\VC\include\string.h(112) : 'strcpy' 선언을 참조하십시오.
     1>Adjustment_of_Level_Nets_Hae-Min_LEE.cpp(59): warning C4996: 'strcpy': This function or variable may be unsafe. Consider using strcpy_s instead. To disable deprecation, use _CRT_SECURE_NO_WARNINGS. See online help for details.
                 C:\Program Files (x86)\Microsoft Visual Studio 12.0\VC\include\string.h(112) : 'strcpy' 선언을 참조하십시오.
                 C:\Program Files (x86)\Microsoft Visual Studio 12.0\VC\include\string.h(112) : 'strcpy' 선언을 참조하십시오.
     1>Adjustment_of_Level_Nets_Hae-Min_LEE.cpp(62): warning C4996: 'fopen': This function or variable may be unsafe. Consider using fopen_s instead. To disable deprecation, use _CRT_SECURE_NO_WARNINGS. See online help for details.
                 C:\Program Files (x86)\Microsoft Visual Studio 12.0\VC\include\stdio.h(211) : 'fopen' 선언을 참조하십시오.
     1>Adjustment_of_Level_Nets_Hae-Min_LEE.cpp(66): warning C4996: 'fscanf': This function or variable may be unsafe. Consider using fscanf_s instead. To disable deprecation, use _CRT_SECURE_NO_WARNINGS. See online help for details.
                 C:\Program Files (x86)\Microsoft Visual Studio 12.0\VC\include\stdio.h(230) : 'fscanf' 선언을 참조하십시오.
     1>Adjustment_of_Level_Nets_Hae-Min_LEE.cpp(75): warning C4996: 'fopen': This function or variable may be unsafe. Consider using fopen_s instead. To disable deprecation, use _CRT_SECURE_NO_WARNINGS. See online help for details.
                 C:\Program Files (x86)\Microsoft Visual Studio 12.0\VC\include\stdio.h(211) : 'fopen' 선언을 참조하십시오.
     1>Adjustment_of_Level_Nets_Hae-Min_LEE.cpp(78): warning C4996: 'fscanf': This function or variable may be unsafe. Consider using fscanf_s instead. To disable deprecation, use _CRT_SECURE_NO_WARNINGS. See online help for details.
                 C:\Program Files (x86)\Microsoft Visual Studio 12.0\VC\include\stdio.h(230) : 'fscanf' 선언을 참조하십시오.
     1>Adjustment_of_Level_Nets_Hae-Min_LEE.cpp(129): warning C4244: '=' : 'float'에서 'int'(으)로 변환하면서 데이터가 손실될 수 있습니다.
     1>Adjustment_of_Level_Nets_Hae-Min_LEE.cpp(134): warning C4244: '=' : 'float'에서 'int'(으)로 변환하면서 데이터가 손실될 수 있습니다.
     1>Adjustment_of_Level_Nets_Hae-Min_LEE.cpp(255): warning C4018: '<' : signed 또는 unsigned가 일치하지 않습니다.
     1>Adjustment_of_Level_Nets_Hae-Min_LEE.cpp(259): warning C4018: '<' : signed 또는 unsigned가 일치하지 않습니다.
     1>Adjustment_of_Level_Nets_Hae-Min_LEE.cpp(264): warning C4018: '<' : signed 또는 unsigned가 일치하지 않습니다.
     1>Adjustment_of_Level_Nets_Hae-Min_LEE.cpp(272): warning C4018: '<' : signed 또는 unsigned가 일치하지 않습니다.
     1>Adjustment_of_Level_Nets_Hae-Min_LEE.cpp(277): warning C4018: '<' : signed 또는 unsigned가 일치하지 않습니다.
     1>Adjustment_of_Level_Nets_Hae-Min_LEE.cpp(302): warning C4244: '초기화 중' : 'double'에서 'float'(으)로 변환하면서 데이터가 손실될 수 있습니다.
     1>Adjustment_of_Level_Nets_Hae-Min_LEE.cpp(307): warning C4244: '=' : 'double'에서 'float'(으)로 변환하면서 데이터가 손실될 수 있습니다.
     1>Adjustment_of_Level_Nets_Hae-Min_LEE.cpp(368): warning C4018: '<' : signed 또는 unsigned가 일치하지 않습니다.
     1>Adjustment_of_Level_Nets_Hae-Min_LEE.cpp(373): warning C4018: '<' : signed 또는 unsigned가 일치하지 않습니다.
     1>Adjustment_of_Level_Nets_Hae-Min_LEE.cpp(383): warning C4018: '<' : signed 또는 unsigned가 일치하지 않습니다.
     1>Adjustment_of_Level_Nets_Hae-Min_LEE.cpp(384): warning C4018: '<' : signed 또는 unsigned가 일치하지 않습니다.
     1>Adjustment_of_Level_Nets_Hae-Min_LEE.cpp(389): warning C4018: '<' : signed 또는 unsigned가 일치하지 않습니다.
     1>Adjustment_of_Level_Nets_Hae-Min_LEE.cpp(390): warning C4018: '<' : signed 또는 unsigned가 일치하지 않습니다.
       Link:
         C:\Program Files (x86)\Microsoft Visual Studio 12.0\VC\bin\link.exe /ERRORREPORT:PROMPT /OUT:"D:\1.인하대\2020년 1학기 (4학년 1학기)\고급조정계산론\Adjustment_of_Level_Nets\Release\Adjustment_of_Level_Nets_Hae-Min_LEE.exe" /INCREMENTAL:NO /NOLOGO kernel32.lib user32.lib gdi32.lib winspool.lib comdlg32.lib advapi32.lib shell32.lib ole32.lib oleaut32.lib uuid.lib odbc32.lib odbccp32.lib /MANIFEST /MANIFESTUAC:"level='asInvoker' uiAccess='false'" /manifest:embed /DEBUG /PDB:"D:\1.인하대\2020년 1학기 (4학년 1학기)\고급조정계산론\Adjustment_of_Level_Nets\Release\Adjustment_of_Level_Nets_Hae-Min_LEE.pdb" /SUBSYSTEM:CONSOLE /OPT:REF /OPT:ICF /LTCG /TLBID:1 /DYNAMICBASE /NXCOMPAT /IMPLIB:"D:\1.인하대\2020년 1학기 (4학년 1학기)\고급조정계산론\Adjustment_of_Level_Nets\Release\Adjustment_of_Level_Nets_Hae-Min_LEE.lib" /MACHINE:X86 /SAFESEH "Release\Adjustment_of_Level_Nets_Hae-Min_LEE.obj"
         Release\stdafx.obj
         코드를 생성하고 있습니다.
         코드를 생성했습니다.
         Adjustment_of_Level_Nets_Hae-Min_LEE.vcxproj -> D:\1.인하대\2020년 1학기 (4학년 1학기)\고급조정계산론\Adjustment_of_Level_Nets\Release\Adjustment_of_Level_Nets_Hae-Min_LEE.exe
     1>"D:\1.인하대\2020년 1학기 (4학년 1학기)\고급조정계산론\Adjustment_of_Level_Nets\Adjustment_of_Level_Nets_Hae-Min_LEE\Adjustment_of_Level_Nets_Hae-Min_LEE.vcxproj" 프로젝트를 빌드했습니다(Build 대상).

빌드했습니다.

경과 시간: 00:00:03.03
